2011/07/12 12:48:39 [error] [exception.CException] exception 'CException' with message 'CWebUser does not have a method named "isAdmin".' in /home/mustafa/public_html/yii/framework/base/CComponent.php:266
Stack trace:
#0 /home/mustafa/public_html/sord-site/protected/modules/user/UserModule.php(218): CComponent->__call('isAdmin', Array)
#1 /home/mustafa/public_html/sord-site/protected/modules/user/UserModule.php(218): CWebUser->isAdmin()
#2 /home/mustafa/public_html/yii/framework/web/CController.php(255): UserModule->beforeControllerAction(Object(YumInstallController), Object(CInlineAction))
#3 /home/mustafa/public_html/yii/framework/web/CWebApplication.php(328): CController->run('')
#4 /home/mustafa/public_html/yii/framework/web/CWebApplication.php(121): CWebApplication->runController('user/install')
#5 /home/mustafa/public_html/yii/framework/base/CApplication.php(155): CWebApplication->processRequest()
#6 /home/mustafa/public_html/sord-site/index.php(13): CApplication->run()
#7 {main} REQUEST_URI=/~mustafa/sord-site/index.php?r=user/install
2011/07/12 12:54:45 [error] [system.db.CDbCommand] CDbCommand::fetchAll() failed: SQLSTATE[42S02]: Base table or view not found: 1146 Table 'sord.profile_fields_group' doesn't exist. The SQL statement executed was: SHOW COLUMNS FROM `profile_fields_group`.
in /home/mustafa/public_html/sord-site/protected/modules/profile/models/YumProfileFieldsGroup.php (24)
in /home/mustafa/public_html/sord-site/protected/modules/profile/views/fields/_form.php (32)
in /home/mustafa/public_html/sord-site/protected/modules/profile/views/fields/create.php (8)
2011/07/12 12:54:45 [error] [exception.CDbException] exception 'CDbException' with message 'The table "{{profile_fields_group}}" for active record class "YumProfileFieldsGroup" cannot be found in the database.' in /home/mustafa/public_html/yii/framework/db/ar/CActiveRecord.php:2237
Stack trace:
#0 /home/mustafa/public_html/yii/framework/db/ar/CActiveRecord.php(371): CActiveRecordMetaData->__construct(Object(YumProfileFieldsGroup))
#1 /home/mustafa/public_html/sord-site/protected/modules/profile/models/YumProfileFieldsGroup.php(24): CActiveRecord::model('YumProfileField...')
#2 /home/mustafa/public_html/sord-site/protected/modules/profile/views/fields/_form.php(32): YumProfileFieldsGroup::model()
#3 /home/mustafa/public_html/yii/framework/web/CBaseController.php(119): require('/home/mustafa/p...')
#4 /home/mustafa/public_html/yii/framework/web/CBaseController.php(88): CBaseController->renderInternal('/home/mustafa/p...', Array, true)
#5 /home/mustafa/public_html/yii/framework/web/CController.php(866): CBaseController->renderFile('/home/mustafa/p...', Array, true)
#6 /home/mustafa/public_html/sord-site/protected/modules/profile/views/fields/create.php(8): CController->renderPartial('_form', Array)
#7 /home/mustafa/public_html/yii/framework/web/CBaseController.php(119): require('/home/mustafa/p...')
#8 /home/mustafa/public_html/yii/framework/web/CBaseController.php(88): CBaseController->renderInternal('/home/mustafa/p...', Array, true)
#9 /home/mustafa/public_html/yii/framework/web/CController.php(866): CBaseController->renderFile('/home/mustafa/p...', Array, true)
#10 /home/mustafa/public_html/yii/framework/web/CController.php(779): CController->renderPartial('create', Array, true)
#11 /home/mustafa/public_html/sord-site/protected/modules/profile/controllers/YumFieldsController.php(63): CController->render('create', Array)
#12 /home/mustafa/public_html/yii/framework/web/actions/CInlineAction.php(50): YumFieldsController->actionCreate()
#13 /home/mustafa/public_html/yii/framework/web/CController.php(300): CInlineAction->runWithParams(Array)
#14 /home/mustafa/public_html/yii/framework/web/filters/CFilterChain.php(133): CController->runAction(Object(CInlineAction))
#15 /home/mustafa/public_html/yii/framework/web/filters/CFilter.php(41): CFilterChain->run()
#16 /home/mustafa/public_html/yii/framework/web/CController.php(1122): CFilter->filter(Object(CFilterChain))
#17 /home/mustafa/public_html/yii/framework/web/filters/CInlineFilter.php(59): CController->filterAccessControl(Object(CFilterChain))
#18 /home/mustafa/public_html/yii/framework/web/filters/CFilterChain.php(130): CInlineFilter->filter(Object(CFilterChain))
#19 /home/mustafa/public_html/yii/framework/web/CController.php(283): CFilterChain->run()
#20 /home/mustafa/public_html/yii/framework/web/CController.php(257): CController->runActionWithFilters(Object(CInlineAction), Array)
#21 /home/mustafa/public_html/yii/framework/web/CWebApplication.php(328): CController->run('create')
#22 /home/mustafa/public_html/yii/framework/web/CWebApplication.php(121): CWebApplication->runController('profile/fields/...')
#23 /home/mustafa/public_html/yii/framework/base/CApplication.php(155): CWebApplication->processRequest()
#24 /home/mustafa/public_html/sord-site/index.php(13): CApplication->run()
#25 {main} REQUEST_URI=/~mustafa/sord-site/index.php?r=profile/fields/create
2011/07/12 12:55:05 [error] [system.db.CDbCommand] CDbCommand::fetchAll() failed: SQLSTATE[42S02]: Base table or view not found: 1146 Table 'sord.profile_fields_group' doesn't exist. The SQL statement executed was: SHOW COLUMNS FROM `profile_fields_group`.
in /home/mustafa/public_html/sord-site/protected/modules/profile/views/fields/admin.php (45)
in /home/mustafa/public_html/sord-site/protected/modules/profile/controllers/YumFieldsController.php (137)
in /home/mustafa/public_html/sord-site/index.php (13)
2011/07/12 12:55:05 [error] [exception.CDbException] exception 'CDbException' with message 'The table "{{profile_fields_group}}" for active record class "YumProfileFieldsGroup" cannot be found in the database.' in /home/mustafa/public_html/yii/framework/db/ar/CActiveRecord.php:2237
Stack trace:
#0 /home/mustafa/public_html/yii/framework/db/ar/CActiveRecord.php(371): CActiveRecordMetaData->__construct(Object(YumProfileFieldsGroup))
#1 /home/mustafa/public_html/yii/framework/db/ar/CActiveFinder.php(218): CActiveRecord::model('YumProfileField...')
#2 /home/mustafa/public_html/yii/framework/db/ar/CActiveFinder.php(51): CActiveFinder->buildJoinTree(Object(CJoinElement), 'group')
#3 /home/mustafa/public_html/yii/framework/db/ar/CActiveRecord.php(257): CActiveFinder->__construct(Object(YumProfileField), 'group')
#4 /home/mustafa/public_html/yii/framework/db/ar/CActiveRecord.php(126): CActiveRecord->getRelated('group')
#5 /home/mustafa/public_html/yii/framework/base/CComponent.php(616) : eval()'d code(1): CActiveRecord->__get('group')
#6 /home/mustafa/public_html/yii/framework/base/CComponent.php(616): eval()
#7 /home/mustafa/public_html/yii/framework/zii/widgets/grid/CDataColumn.php(132): CComponent->evaluateExpression('$data->group in...', Array)
#8 /home/mustafa/public_html/yii/framework/zii/widgets/grid/CGridColumn.php(135): CDataColumn->renderDataCellContent(0, Object(YumProfileField))
#9 /home/mustafa/public_html/yii/framework/zii/widgets/grid/CGridView.php(501): CGridColumn->renderDataCell(0)
#10 /home/mustafa/public_html/yii/framework/zii/widgets/grid/CGridView.php(474): CGridView->renderTableRow(0)
#11 /home/mustafa/public_html/yii/framework/zii/widgets/grid/CGridView.php(386): CGridView->renderTableBody()
#12 /home/mustafa/public_html/yii/framework/zii/widgets/CBaseListView.php(158): CGridView->renderItems()
#13 [internal function]: CBaseListView->renderSection(Array)
#14 /home/mustafa/public_html/yii/framework/zii/widgets/CBaseListView.php(141): preg_replace_callback('/{(\w+)}/', Array, '{summary}?{item...')
#15 /home/mustafa/public_html/yii/framework/zii/widgets/CBaseListView.php(126): CBaseListView->renderContent()
#16 /home/mustafa/public_html/yii/framework/web/CBaseController.php(166): CBaseListView->run()
#17 /home/mustafa/public_html/sord-site/protected/modules/profile/views/fields/admin.php(45): CBaseController->widget('zii.widgets.gri...', Array)
#18 /home/mustafa/public_html/yii/framework/web/CBaseController.php(119): require('/home/mustafa/p...')
#19 /home/mustafa/public_html/yii/framework/web/CBaseController.php(88): CBaseController->renderInternal('/home/mustafa/p...', Array, true)
#20 /home/mustafa/public_html/yii/framework/web/CController.php(866): CBaseController->renderFile('/home/mustafa/p...', Array, true)
#21 /home/mustafa/public_html/yii/framework/web/CController.php(779): CController->renderPartial('admin', Array, true)
#22 /home/mustafa/public_html/sord-site/protected/modules/profile/controllers/YumFieldsController.php(137): CController->render('admin', Array)
#23 /home/mustafa/public_html/yii/framework/web/actions/CInlineAction.php(50): YumFieldsController->actionAdmin()
#24 /home/mustafa/public_html/yii/framework/web/CController.php(300): CInlineAction->runWithParams(Array)
#25 /home/mustafa/public_html/yii/framework/web/filters/CFilterChain.php(133): CController->runAction(Object(CInlineAction))
#26 /home/mustafa/public_html/yii/framework/web/filters/CFilter.php(41): CFilterChain->run()
#27 /home/mustafa/public_html/yii/framework/web/CController.php(1122): CFilter->filter(Object(CFilterChain))
#28 /home/mustafa/public_html/yii/framework/web/filters/CInlineFilter.php(59): CController->filterAccessControl(Object(CFilterChain))
#29 /home/mustafa/public_html/yii/framework/web/filters/CFilterChain.php(130): CInlineFilter->filter(Object(CFilterChain))
#30 /home/mustafa/public_html/yii/framework/web/CController.php(283): CFilterChain->run()
#31 /home/mustafa/public_html/yii/framework/web/CController.php(257): CController->runActionWithFilters(Object(CInlineAction), Array)
#32 /home/mustafa/public_html/yii/framework/web/CWebApplication.php(328): CController->run('admin')
#33 /home/mustafa/public_html/yii/framework/web/CWebApplication.php(121): CWebApplication->runController('profile/fields/...')
#34 /home/mustafa/public_html/yii/framework/base/CApplication.php(155): CWebApplication->processRequest()
#35 /home/mustafa/public_html/sord-site/index.php(13): CApplication->run()
#36 {main} REQUEST_URI=/~mustafa/sord-site/index.php?r=profile/fields/admin
2011/07/12 12:55:12 [error] [system.db.CDbCommand] CDbCommand::fetchAll() failed: SQLSTATE[42S02]: Base table or view not found: 1146 Table 'sord.profile_fields_group' doesn't exist. The SQL statement executed was: SHOW COLUMNS FROM `profile_fields_group`.
in /home/mustafa/public_html/sord-site/protected/modules/profile/models/YumProfileFieldsGroup.php (24)
in /home/mustafa/public_html/sord-site/protected/modules/profile/views/fields/_form.php (32)
in /home/mustafa/public_html/sord-site/protected/modules/profile/views/fields/create.php (8)
2011/07/12 12:55:12 [error] [exception.CDbException] exception 'CDbException' with message 'The table "{{profile_fields_group}}" for active record class "YumProfileFieldsGroup" cannot be found in the database.' in /home/mustafa/public_html/yii/framework/db/ar/CActiveRecord.php:2237
Stack trace:
#0 /home/mustafa/public_html/yii/framework/db/ar/CActiveRecord.php(371): CActiveRecordMetaData->__construct(Object(YumProfileFieldsGroup))
#1 /home/mustafa/public_html/sord-site/protected/modules/profile/models/YumProfileFieldsGroup.php(24): CActiveRecord::model('YumProfileField...')
#2 /home/mustafa/public_html/sord-site/protected/modules/profile/views/fields/_form.php(32): YumProfileFieldsGroup::model()
#3 /home/mustafa/public_html/yii/framework/web/CBaseController.php(119): require('/home/mustafa/p...')
#4 /home/mustafa/public_html/yii/framework/web/CBaseController.php(88): CBaseController->renderInternal('/home/mustafa/p...', Array, true)
#5 /home/mustafa/public_html/yii/framework/web/CController.php(866): CBaseController->renderFile('/home/mustafa/p...', Array, true)
#6 /home/mustafa/public_html/sord-site/protected/modules/profile/views/fields/create.php(8): CController->renderPartial('_form', Array)
#7 /home/mustafa/public_html/yii/framework/web/CBaseController.php(119): require('/home/mustafa/p...')
#8 /home/mustafa/public_html/yii/framework/web/CBaseController.php(88): CBaseController->renderInternal('/home/mustafa/p...', Array, true)
#9 /home/mustafa/public_html/yii/framework/web/CController.php(866): CBaseController->renderFile('/home/mustafa/p...', Array, true)
#10 /home/mustafa/public_html/yii/framework/web/CController.php(779): CController->renderPartial('create', Array, true)
#11 /home/mustafa/public_html/sord-site/protected/modules/profile/controllers/YumFieldsController.php(63): CController->render('create', Array)
#12 /home/mustafa/public_html/yii/framework/web/actions/CInlineAction.php(50): YumFieldsController->actionCreate()
#13 /home/mustafa/public_html/yii/framework/web/CController.php(300): CInlineAction->runWithParams(Array)
#14 /home/mustafa/public_html/yii/framework/web/filters/CFilterChain.php(133): CController->runAction(Object(CInlineAction))
#15 /home/mustafa/public_html/yii/framework/web/filters/CFilter.php(41): CFilterChain->run()
#16 /home/mustafa/public_html/yii/framework/web/CController.php(1122): CFilter->filter(Object(CFilterChain))
#17 /home/mustafa/public_html/yii/framework/web/filters/CInlineFilter.php(59): CController->filterAccessControl(Object(CFilterChain))
#18 /home/mustafa/public_html/yii/framework/web/filters/CFilterChain.php(130): CInlineFilter->filter(Object(CFilterChain))
#19 /home/mustafa/public_html/yii/framework/web/CController.php(283): CFilterChain->run()
#20 /home/mustafa/public_html/yii/framework/web/CController.php(257): CController->runActionWithFilters(Object(CInlineAction), Array)
#21 /home/mustafa/public_html/yii/framework/web/CWebApplication.php(328): CController->run('create')
#22 /home/mustafa/public_html/yii/framework/web/CWebApplication.php(121): CWebApplication->runController('profile/fields/...')
#23 /home/mustafa/public_html/yii/framework/base/CApplication.php(155): CWebApplication->processRequest()
#24 /home/mustafa/public_html/sord-site/index.php(13): CApplication->run()
#25 {main} REQUEST_URI=/~mustafa/sord-site/index.php?r=profile/fields/create
2011/07/12 12:56:54 [error] [php] Undefined variable: active_first_visit_users (/home/mustafa/public_html/sord-site/protected/modules/user/views/statistics/statistics.php:15)
Stack trace:
#0 /home/mustafa/public_html/yii/framework/web/CController.php(866): YumStatisticsController->renderFile()
#1 /home/mustafa/public_html/yii/framework/web/CController.php(779): YumStatisticsController->renderPartial()
#2 /home/mustafa/public_html/sord-site/protected/modules/user/controllers/YumStatisticsController.php(39): YumStatisticsController->render()
#3 /home/mustafa/public_html/yii/framework/web/actions/CInlineAction.php(50): YumStatisticsController->actionIndex()
#4 /home/mustafa/public_html/yii/framework/web/CController.php(300): CInlineAction->runWithParams()
#5 /home/mustafa/public_html/yii/framework/web/filters/CFilterChain.php(133): YumStatisticsController->runAction()
#6 /home/mustafa/public_html/yii/framework/web/filters/CFilter.php(41): CFilterChain->run()
#7 /home/mustafa/public_html/yii/framework/web/CController.php(1122): CAccessControlFilter->filter()
#8 /home/mustafa/public_html/yii/framework/web/filters/CInlineFilter.php(59): YumStatisticsController->filterAccessControl()
#9 /home/mustafa/public_html/yii/framework/web/filters/CFilterChain.php(130): CInlineFilter->filter()
#10 /home/mustafa/public_html/yii/framework/web/CController.php(283): CFilterChain->run()
#11 /home/mustafa/public_html/yii/framework/web/CController.php(257): YumStatisticsController->runActionWithFilters()
#12 /home/mustafa/public_html/yii/framework/web/CWebApplication.php(328): YumStatisticsController->run()
#13 /home/mustafa/public_html/yii/framework/web/CWebApplication.php(121): CWebApplication->runController()
#14 /home/mustafa/public_html/yii/framework/base/CApplication.php(155): CWebApplication->processRequest()
#15 /home/mustafa/public_html/sord-site/index.php(13): CWebApplication->run()
REQUEST_URI=/~mustafa/sord-site/index.php?r=user/statistics/index
in /home/mustafa/public_html/sord-site/protected/modules/user/views/statistics/statistics.php (15)
in /home/mustafa/public_html/sord-site/protected/modules/user/controllers/YumStatisticsController.php (39)
in /home/mustafa/public_html/sord-site/index.php (13)
2011/07/12 12:57:07 [error] [system.db.CDbCommand] CDbCommand::fetchAll() failed: SQLSTATE[42S02]: Base table or view not found: 1146 Table 'sord.profile_fields_group' doesn't exist. The SQL statement executed was: SHOW COLUMNS FROM `profile_fields_group`.
in /home/mustafa/public_html/sord-site/protected/modules/user/models/YumActiveRecord.php (24)
in /home/mustafa/public_html/sord-site/protected/modules/profile/controllers/YumFieldsGroupController.php (39)
in /home/mustafa/public_html/sord-site/index.php (13)
2011/07/12 12:57:07 [error] [exception.CDbException] exception 'CDbException' with message 'The table "{{profile_fields_group}}" for active record class "YumProfileFieldsGroup" cannot be found in the database.' in /home/mustafa/public_html/yii/framework/db/ar/CActiveRecord.php:2237
Stack trace:
#0 /home/mustafa/public_html/yii/framework/db/ar/CActiveRecord.php(371): CActiveRecordMetaData->__construct(Object(YumProfileFieldsGroup))
#1 /home/mustafa/public_html/yii/framework/db/ar/CActiveRecord.php(386): CActiveRecord::model('YumProfileField...')
#2 /home/mustafa/public_html/sord-site/protected/modules/user/models/YumActiveRecord.php(24): CActiveRecord->getMetaData()
#3 /home/mustafa/public_html/yii/framework/db/ar/CActiveRecord.php(62): YumActiveRecord->getMetaData()
#4 /home/mustafa/public_html/sord-site/protected/modules/profile/controllers/YumFieldsGroupController.php(39): CActiveRecord->__construct()
#5 /home/mustafa/public_html/yii/framework/web/actions/CInlineAction.php(50): YumFieldsGroupController->actionCreate()
#6 /home/mustafa/public_html/yii/framework/web/CController.php(300): CInlineAction->runWithParams(Array)
#7 /home/mustafa/public_html/yii/framework/web/filters/CFilterChain.php(133): CController->runAction(Object(CInlineAction))
#8 /home/mustafa/public_html/yii/framework/web/filters/CFilter.php(41): CFilterChain->run()
#9 /home/mustafa/public_html/yii/framework/web/CController.php(1122): CFilter->filter(Object(CFilterChain))
#10 /home/mustafa/public_html/yii/framework/web/filters/CInlineFilter.php(59): CController->filterAccessControl(Object(CFilterChain))
#11 /home/mustafa/public_html/yii/framework/web/filters/CFilterChain.php(130): CInlineFilter->filter(Object(CFilterChain))
#12 /home/mustafa/public_html/yii/framework/web/CController.php(283): CFilterChain->run()
#13 /home/mustafa/public_html/yii/framework/web/CController.php(257): CController->runActionWithFilters(Object(CInlineAction), Array)
#14 /home/mustafa/public_html/yii/framework/web/CWebApplication.php(328): CController->run('create')
#15 /home/mustafa/public_html/yii/framework/web/CWebApplication.php(121): CWebApplication->runController('profile/fieldsg...')
#16 /home/mustafa/public_html/yii/framework/base/CApplication.php(155): CWebApplication->processRequest()
#17 /home/mustafa/public_html/sord-site/index.php(13): CApplication->run()
#18 {main} REQUEST_URI=/~mustafa/sord-site/index.php?r=profile/fieldsgroup/create
2011/07/12 12:58:47 [error] [exception.CHttpException.404] exception 'CHttpException' with message 'Unable to resolve the request "profile/friendship/invite".' in /home/mustafa/public_html/yii/framework/web/CWebApplication.php:332
Stack trace:
#0 /home/mustafa/public_html/yii/framework/web/CWebApplication.php(121): CWebApplication->runController('profile/friends...')
#1 /home/mustafa/public_html/yii/framework/base/CApplication.php(155): CWebApplication->processRequest()
#2 /home/mustafa/public_html/sord-site/index.php(13): CApplication->run()
#3 {main} REQUEST_URI=/~mustafa/sord-site/index.php?r=profile/friendship/invite&user_id=1
2011/07/12 13:03:10 [error] [system.db.CDbCommand] CDbCommand::fetchColumn() failed: SQLSTATE[42S22]: Column not found: 1054 Unknown column 'admin' in 'where clause'. The SQL statement executed was: SELECT COUNT(*) FROM `messages` `t` WHERE to_user_id = admin.
in /home/mustafa/public_html/sord-site/protected/modules/messages/views/messages/index.php (36)
in /home/mustafa/public_html/sord-site/protected/modules/messages/controllers/YumMessagesController.php (103)
in /home/mustafa/public_html/sord-site/index.php (13)
2011/07/12 13:03:10 [error] [exception.CDbException] exception 'CDbException' with message 'CDbCommand failed to execute the SQL statement: SQLSTATE[42S22]: Column not found: 1054 Unknown column 'admin' in 'where clause'. The SQL statement executed was: SELECT COUNT(*) FROM `messages` `t` WHERE to_user_id = admin' in /home/mustafa/public_html/yii/framework/db/CDbCommand.php:518
Stack trace:
#0 /home/mustafa/public_html/yii/framework/db/CDbCommand.php(413): CDbCommand->queryInternal('fetchColumn', 0, Array)
#1 /home/mustafa/public_html/yii/framework/db/ar/CActiveRecord.php(1510): CDbCommand->queryScalar()
#2 /home/mustafa/public_html/yii/framework/web/CActiveDataProvider.php(165): CActiveRecord->count(Object(CDbCriteria))
#3 /home/mustafa/public_html/yii/framework/web/CDataProvider.php(184): CActiveDataProvider->calculateTotalItemCount()
#4 /home/mustafa/public_html/yii/framework/web/CActiveDataProvider.php(126): CDataProvider->getTotalItemCount()
#5 /home/mustafa/public_html/yii/framework/web/CDataProvider.php(128): CActiveDataProvider->fetchData()
#6 /home/mustafa/public_html/yii/framework/zii/widgets/CBaseListView.php(105): CDataProvider->getData()
#7 /home/mustafa/public_html/yii/framework/zii/widgets/grid/CGridView.php(258): CBaseListView->init()
#8 /home/mustafa/public_html/yii/framework/web/CBaseController.php(140): CGridView->init()
#9 /home/mustafa/public_html/yii/framework/web/CBaseController.php(165): CBaseController->createWidget('zii.widgets.gri...', Array)
#10 /home/mustafa/public_html/sord-site/protected/modules/messages/views/messages/index.php(36): CBaseController->widget('zii.widgets.gri...', Array)
#11 /home/mustafa/public_html/yii/framework/web/CBaseController.php(119): require('/home/mustafa/p...')
#12 /home/mustafa/public_html/yii/framework/web/CBaseController.php(88): CBaseController->renderInternal('/home/mustafa/p...', Array, true)
#13 /home/mustafa/public_html/yii/framework/web/CController.php(866): CBaseController->renderFile('/home/mustafa/p...', Array, true)
#14 /home/mustafa/public_html/yii/framework/web/CController.php(779): CController->renderPartial('index', Array, true)
#15 /home/mustafa/public_html/sord-site/protected/modules/messages/controllers/YumMessagesController.php(103): CController->render('index', Array)
#16 /home/mustafa/public_html/yii/framework/web/actions/CInlineAction.php(50): YumMessagesController->actionIndex()
#17 /home/mustafa/public_html/yii/framework/web/CController.php(300): CInlineAction->runWithParams(Array)
#18 /home/mustafa/public_html/yii/framework/web/filters/CFilterChain.php(133): CController->runAction(Object(CInlineAction))
#19 /home/mustafa/public_html/yii/framework/web/filters/CFilter.php(41): CFilterChain->run()
#20 /home/mustafa/public_html/yii/framework/web/CController.php(1122): CFilter->filter(Object(CFilterChain))
#21 /home/mustafa/public_html/yii/framework/web/filters/CInlineFilter.php(59): CController->filterAccessControl(Object(CFilterChain))
#22 /home/mustafa/public_html/yii/framework/web/filters/CFilterChain.php(130): CInlineFilter->filter(Object(CFilterChain))
#23 /home/mustafa/public_html/yii/framework/web/CController.php(283): CFilterChain->run()
#24 /home/mustafa/public_html/yii/framework/web/CController.php(257): CController->runActionWithFilters(Object(CInlineAction), Array)
#25 /home/mustafa/public_html/yii/framework/web/CWebApplication.php(328): CController->run('index')
#26 /home/mustafa/public_html/yii/framework/web/CWebApplication.php(121): CWebApplication->runController('messages/messag...')
#27 /home/mustafa/public_html/yii/framework/base/CApplication.php(155): CWebApplication->processRequest()
#28 /home/mustafa/public_html/sord-site/index.php(13): CApplication->run()
#29 {main} REQUEST_URI=/~mustafa/sord-site/index.php?r=messages/messages/index
2011/07/12 13:40:06 [error] [exception.CHttpException.404] exception 'CHttpException' with message 'Unable to resolve the request "user/user/login".' in /home/mustafa/public_html/yii/framework/web/CWebApplication.php:332
Stack trace:
#0 /home/mustafa/public_html/yii/framework/web/CWebApplication.php(121): CWebApplication->runController('user/user/login')
#1 /home/mustafa/public_html/yii/framework/base/CApplication.php(155): CWebApplication->processRequest()
#2 /home/mustafa/public_html/sord-site/index.php(13): CApplication->run()
#3 {main} REQUEST_URI=/~mustafa/sord-site/index.php?r=user/user/login
2011/07/12 14:17:14 [error] [exception.CException] exception 'CException' with message 'CWebApplication does not have a method named "getModuel".' in /home/mustafa/public_html/yii/framework/base/CComponent.php:266
Stack trace:
#0 /home/mustafa/public_html/sord-site/protected/views/layouts/main.php(37): CComponent->__call('getModuel', Array)
#1 /home/mustafa/public_html/sord-site/protected/views/layouts/main.php(37): CWebApplication->getModuel('user')
#2 /home/mustafa/public_html/yii/framework/web/CBaseController.php(119): require('/home/mustafa/p...')
#3 /home/mustafa/public_html/yii/framework/web/CBaseController.php(88): CBaseController->renderInternal('/home/mustafa/p...', Array, true)
#4 /home/mustafa/public_html/yii/framework/web/widgets/CContentDecorator.php(78): CBaseController->renderFile('/home/mustafa/p...', Array, true)
#5 /home/mustafa/public_html/yii/framework/web/widgets/CContentDecorator.php(56): CContentDecorator->decorate('<div class="con...')
#6 /home/mustafa/public_html/yii/framework/web/widgets/COutputProcessor.php(45): CContentDecorator->processOutput('<div class="con...')
#7 /home/mustafa/public_html/yii/framework/web/CBaseController.php(199): COutputProcessor->run()
#8 /home/mustafa/public_html/yii/framework/web/CBaseController.php(294): CBaseController->endWidget('CContentDecorat...')
#9 /home/mustafa/public_html/sord-site/protected/views/layouts/column1.php(7): CBaseController->endContent()
#10 /home/mustafa/public_html/yii/framework/web/CBaseController.php(119): require('/home/mustafa/p...')
#11 /home/mustafa/public_html/yii/framework/web/CBaseController.php(88): CBaseController->renderInternal('/home/mustafa/p...', Array, true)
#12 /home/mustafa/public_html/yii/framework/web/CController.php(781): CBaseController->renderFile('/home/mustafa/p...', Array, true)
#13 /home/mustafa/public_html/sord-site/protected/controllers/SiteController.php(32): CController->render('index')
#14 /home/mustafa/public_html/yii/framework/web/actions/CInlineAction.php(50): SiteController->actionIndex()
#15 /home/mustafa/public_html/yii/framework/web/CController.php(300): CInlineAction->runWithParams(Array)
#16 /home/mustafa/public_html/yii/framework/web/CController.php(278): CController->runAction(Object(CInlineAction))
#17 /home/mustafa/public_html/yii/framework/web/CController.php(257): CController->runActionWithFilters(Object(CInlineAction), Array)
#18 /home/mustafa/public_html/yii/framework/web/CWebApplication.php(328): CController->run('')
#19 /home/mustafa/public_html/yii/framework/web/CWebApplication.php(121): CWebApplication->runController('')
#20 /home/mustafa/public_html/yii/framework/base/CApplication.php(155): CWebApplication->processRequest()
#21 /home/mustafa/public_html/sord-site/index.php(13): CApplication->run()
#22 {main} REQUEST_URI=/~mustafa/sord-site/
2011/07/12 14:17:42 [error] [exception.CException] exception 'CException' with message 'CWebApplication does not have a method named "getModuel".' in /home/mustafa/public_html/yii/framework/base/CComponent.php:266
Stack trace:
#0 /home/mustafa/public_html/sord-site/protected/views/layouts/main.php(39): CComponent->__call('getModuel', Array)
#1 /home/mustafa/public_html/sord-site/protected/views/layouts/main.php(39): CWebApplication->getModuel('user')
#2 /home/mustafa/public_html/yii/framework/web/CBaseController.php(119): require('/home/mustafa/p...')
#3 /home/mustafa/public_html/yii/framework/web/CBaseController.php(88): CBaseController->renderInternal('/home/mustafa/p...', Array, true)
#4 /home/mustafa/public_html/yii/framework/web/widgets/CContentDecorator.php(78): CBaseController->renderFile('/home/mustafa/p...', Array, true)
#5 /home/mustafa/public_html/yii/framework/web/widgets/CContentDecorator.php(56): CContentDecorator->decorate('<div class="con...')
#6 /home/mustafa/public_html/yii/framework/web/widgets/COutputProcessor.php(45): CContentDecorator->processOutput('<div class="con...')
#7 /home/mustafa/public_html/yii/framework/web/CBaseController.php(199): COutputProcessor->run()
#8 /home/mustafa/public_html/yii/framework/web/CBaseController.php(294): CBaseController->endWidget('CContentDecorat...')
#9 /home/mustafa/public_html/sord-site/protected/views/layouts/column1.php(7): CBaseController->endContent()
#10 /home/mustafa/public_html/yii/framework/web/CBaseController.php(119): require('/home/mustafa/p...')
#11 /home/mustafa/public_html/yii/framework/web/CBaseController.php(88): CBaseController->renderInternal('/home/mustafa/p...', Array, true)
#12 /home/mustafa/public_html/yii/framework/web/CController.php(781): CBaseController->renderFile('/home/mustafa/p...', Array, true)
#13 /home/mustafa/public_html/sord-site/protected/controllers/SiteController.php(32): CController->render('index')
#14 /home/mustafa/public_html/yii/framework/web/actions/CInlineAction.php(50): SiteController->actionIndex()
#15 /home/mustafa/public_html/yii/framework/web/CController.php(300): CInlineAction->runWithParams(Array)
#16 /home/mustafa/public_html/yii/framework/web/CController.php(278): CController->runAction(Object(CInlineAction))
#17 /home/mustafa/public_html/yii/framework/web/CController.php(257): CController->runActionWithFilters(Object(CInlineAction), Array)
#18 /home/mustafa/public_html/yii/framework/web/CWebApplication.php(328): CController->run('')
#19 /home/mustafa/public_html/yii/framework/web/CWebApplication.php(121): CWebApplication->runController('')
#20 /home/mustafa/public_html/yii/framework/base/CApplication.php(155): CWebApplication->processRequest()
#21 /home/mustafa/public_html/sord-site/index.php(13): CApplication->run()
#22 {main} REQUEST_URI=/~mustafa/sord-site/
2011/07/12 14:19:12 [error] [system.db.CDbCommand] CDbCommand::fetchAll() failed: SQLSTATE[42S02]: Base table or view not found: 1146 Table 'sord.{{users}}' doesn't exist. The SQL statement executed was: SHOW COLUMNS FROM `{{users}}`.
in /home/mustafa/public_html/sord-site/protected/modules/user/models/User.php (28)
in /home/mustafa/public_html/sord-site/protected/modules/user/components/UserIdentity.php (27)
in /home/mustafa/public_html/sord-site/protected/models/LoginForm.php (52)
2011/07/12 14:19:12 [error] [exception.CDbException] exception 'CDbException' with message 'The table "{{users}}" for active record class "User" cannot be found in the database.' in /home/mustafa/public_html/yii/framework/db/ar/CActiveRecord.php:2237
Stack trace:
#0 /home/mustafa/public_html/yii/framework/db/ar/CActiveRecord.php(371): CActiveRecordMetaData->__construct(Object(User))
#1 /home/mustafa/public_html/sord-site/protected/modules/user/models/User.php(28): CActiveRecord::model('User')
#2 /home/mustafa/public_html/sord-site/protected/modules/user/components/UserIdentity.php(27): User::model()
#3 /home/mustafa/public_html/sord-site/protected/models/LoginForm.php(52): UserIdentity->authenticate()
#4 /home/mustafa/public_html/yii/framework/validators/CInlineValidator.php(39): LoginForm->authenticate('password', Array)
#5 /home/mustafa/public_html/yii/framework/validators/CValidator.php(192): CInlineValidator->validateAttribute(Object(LoginForm), 'password')
#6 /home/mustafa/public_html/yii/framework/base/CModel.php(152): CValidator->validate(Object(LoginForm), NULL)
#7 /home/mustafa/public_html/sord-site/protected/controllers/SiteController.php(88): CModel->validate()
#8 /home/mustafa/public_html/yii/framework/web/actions/CInlineAction.php(50): SiteController->actionLogin()
#9 /home/mustafa/public_html/yii/framework/web/CController.php(300): CInlineAction->runWithParams(Array)
#10 /home/mustafa/public_html/yii/framework/web/CController.php(278): CController->runAction(Object(CInlineAction))
#11 /home/mustafa/public_html/yii/framework/web/CController.php(257): CController->runActionWithFilters(Object(CInlineAction), Array)
#12 /home/mustafa/public_html/yii/framework/web/CWebApplication.php(328): CController->run('login')
#13 /home/mustafa/public_html/yii/framework/web/CWebApplication.php(121): CWebApplication->runController('site/login')
#14 /home/mustafa/public_html/yii/framework/base/CApplication.php(155): CWebApplication->processRequest()
#15 /home/mustafa/public_html/sord-site/index.php(13): CApplication->run()
#16 {main} REQUEST_URI=/~mustafa/sord-site/index.php?r=site/login
2011/07/12 14:19:55 [error] [exception.CException] exception 'CException' with message 'Property "CDbConnection.prefix" is not defined.' in /home/mustafa/public_html/yii/framework/base/CComponent.php:173
Stack trace:
#0 /home/mustafa/public_html/yii/framework/YiiBase.php(215): CComponent->__set('prefix', '')
#1 /home/mustafa/public_html/yii/framework/base/CModule.php(371): YiiBase::createComponent(Array)
#2 /home/mustafa/public_html/yii/framework/base/CApplication.php(426): CModule->getComponent('db')
#3 /home/mustafa/public_html/yii/framework/db/ar/CActiveRecord.php(607): CApplication->getDb()
#4 /home/mustafa/public_html/yii/framework/db/ar/CActiveRecord.php(2236): CActiveRecord->getDbConnection()
#5 /home/mustafa/public_html/yii/framework/db/ar/CActiveRecord.php(371): CActiveRecordMetaData->__construct(Object(User))
#6 /home/mustafa/public_html/sord-site/protected/modules/user/models/User.php(28): CActiveRecord::model('User')
#7 /home/mustafa/public_html/sord-site/protected/modules/user/components/UserIdentity.php(27): User::model()
#8 /home/mustafa/public_html/sord-site/protected/models/LoginForm.php(52): UserIdentity->authenticate()
#9 /home/mustafa/public_html/yii/framework/validators/CInlineValidator.php(39): LoginForm->authenticate('password', Array)
#10 /home/mustafa/public_html/yii/framework/validators/CValidator.php(192): CInlineValidator->validateAttribute(Object(LoginForm), 'password')
#11 /home/mustafa/public_html/yii/framework/base/CModel.php(152): CValidator->validate(Object(LoginForm), NULL)
#12 /home/mustafa/public_html/sord-site/protected/controllers/SiteController.php(88): CModel->validate()
#13 /home/mustafa/public_html/yii/framework/web/actions/CInlineAction.php(50): SiteController->actionLogin()
#14 /home/mustafa/public_html/yii/framework/web/CController.php(300): CInlineAction->runWithParams(Array)
#15 /home/mustafa/public_html/yii/framework/web/CController.php(278): CController->runAction(Object(CInlineAction))
#16 /home/mustafa/public_html/yii/framework/web/CController.php(257): CController->runActionWithFilters(Object(CInlineAction), Array)
#17 /home/mustafa/public_html/yii/framework/web/CWebApplication.php(328): CController->run('login')
#18 /home/mustafa/public_html/yii/framework/web/CWebApplication.php(121): CWebApplication->runController('site/login')
#19 /home/mustafa/public_html/yii/framework/base/CApplication.php(155): CWebApplication->processRequest()
#20 /home/mustafa/public_html/sord-site/index.php(13): CApplication->run()
#21 {main} REQUEST_URI=/~mustafa/sord-site/index.php?r=site/login
2011/07/12 14:19:58 [error] [exception.CException] exception 'CException' with message 'Property "CDbConnection.prefix" is not defined.' in /home/mustafa/public_html/yii/framework/base/CComponent.php:173
Stack trace:
#0 /home/mustafa/public_html/yii/framework/YiiBase.php(215): CComponent->__set('prefix', '')
#1 /home/mustafa/public_html/yii/framework/base/CModule.php(371): YiiBase::createComponent(Array)
#2 /home/mustafa/public_html/yii/framework/base/CApplication.php(426): CModule->getComponent('db')
#3 /home/mustafa/public_html/yii/framework/db/ar/CActiveRecord.php(607): CApplication->getDb()
#4 /home/mustafa/public_html/yii/framework/db/ar/CActiveRecord.php(2236): CActiveRecord->getDbConnection()
#5 /home/mustafa/public_html/yii/framework/db/ar/CActiveRecord.php(371): CActiveRecordMetaData->__construct(Object(User))
#6 /home/mustafa/public_html/sord-site/protected/modules/user/models/User.php(28): CActiveRecord::model('User')
#7 /home/mustafa/public_html/sord-site/protected/modules/user/components/UserIdentity.php(27): User::model()
#8 /home/mustafa/public_html/sord-site/protected/models/LoginForm.php(52): UserIdentity->authenticate()
#9 /home/mustafa/public_html/yii/framework/validators/CInlineValidator.php(39): LoginForm->authenticate('password', Array)
#10 /home/mustafa/public_html/yii/framework/validators/CValidator.php(192): CInlineValidator->validateAttribute(Object(LoginForm), 'password')
#11 /home/mustafa/public_html/yii/framework/base/CModel.php(152): CValidator->validate(Object(LoginForm), NULL)
#12 /home/mustafa/public_html/sord-site/protected/controllers/SiteController.php(88): CModel->validate()
#13 /home/mustafa/public_html/yii/framework/web/actions/CInlineAction.php(50): SiteController->actionLogin()
#14 /home/mustafa/public_html/yii/framework/web/CController.php(300): CInlineAction->runWithParams(Array)
#15 /home/mustafa/public_html/yii/framework/web/CController.php(278): CController->runAction(Object(CInlineAction))
#16 /home/mustafa/public_html/yii/framework/web/CController.php(257): CController->runActionWithFilters(Object(CInlineAction), Array)
#17 /home/mustafa/public_html/yii/framework/web/CWebApplication.php(328): CController->run('login')
#18 /home/mustafa/public_html/yii/framework/web/CWebApplication.php(121): CWebApplication->runController('site/login')
#19 /home/mustafa/public_html/yii/framework/base/CApplication.php(155): CWebApplication->processRequest()
#20 /home/mustafa/public_html/sord-site/index.php(13): CApplication->run()
#21 {main} REQUEST_URI=/~mustafa/sord-site/index.php?r=site/login
2011/07/12 14:20:27 [error] [system.db.CDbCommand] CDbCommand::fetchAll() failed: SQLSTATE[42S02]: Base table or view not found: 1146 Table 'sord.users' doesn't exist. The SQL statement executed was: SHOW COLUMNS FROM `users`.
in /home/mustafa/public_html/sord-site/protected/modules/user/models/User.php (28)
in /home/mustafa/public_html/sord-site/protected/modules/user/components/UserIdentity.php (27)
in /home/mustafa/public_html/sord-site/protected/models/LoginForm.php (52)
2011/07/12 14:20:27 [error] [exception.CDbException] exception 'CDbException' with message 'The table "{{users}}" for active record class "User" cannot be found in the database.' in /home/mustafa/public_html/yii/framework/db/ar/CActiveRecord.php:2237
Stack trace:
#0 /home/mustafa/public_html/yii/framework/db/ar/CActiveRecord.php(371): CActiveRecordMetaData->__construct(Object(User))
#1 /home/mustafa/public_html/sord-site/protected/modules/user/models/User.php(28): CActiveRecord::model('User')
#2 /home/mustafa/public_html/sord-site/protected/modules/user/components/UserIdentity.php(27): User::model()
#3 /home/mustafa/public_html/sord-site/protected/models/LoginForm.php(52): UserIdentity->authenticate()
#4 /home/mustafa/public_html/yii/framework/validators/CInlineValidator.php(39): LoginForm->authenticate('password', Array)
#5 /home/mustafa/public_html/yii/framework/validators/CValidator.php(192): CInlineValidator->validateAttribute(Object(LoginForm), 'password')
#6 /home/mustafa/public_html/yii/framework/base/CModel.php(152): CValidator->validate(Object(LoginForm), NULL)
#7 /home/mustafa/public_html/sord-site/protected/controllers/SiteController.php(88): CModel->validate()
#8 /home/mustafa/public_html/yii/framework/web/actions/CInlineAction.php(50): SiteController->actionLogin()
#9 /home/mustafa/public_html/yii/framework/web/CController.php(300): CInlineAction->runWithParams(Array)
#10 /home/mustafa/public_html/yii/framework/web/CController.php(278): CController->runAction(Object(CInlineAction))
#11 /home/mustafa/public_html/yii/framework/web/CController.php(257): CController->runActionWithFilters(Object(CInlineAction), Array)
#12 /home/mustafa/public_html/yii/framework/web/CWebApplication.php(328): CController->run('login')
#13 /home/mustafa/public_html/yii/framework/web/CWebApplication.php(121): CWebApplication->runController('site/login')
#14 /home/mustafa/public_html/yii/framework/base/CApplication.php(155): CWebApplication->processRequest()
#15 /home/mustafa/public_html/sord-site/index.php(13): CApplication->run()
#16 {main} REQUEST_URI=/~mustafa/sord-site/index.php?r=site/login
2011/07/12 14:20:55 [error] [system.db.CDbCommand] CDbCommand::fetchAll() failed: SQLSTATE[42S02]: Base table or view not found: 1146 Table 'sord.tblusers' doesn't exist. The SQL statement executed was: SHOW COLUMNS FROM `tblusers`.
in /home/mustafa/public_html/sord-site/protected/modules/user/models/User.php (28)
in /home/mustafa/public_html/sord-site/protected/modules/user/components/UserIdentity.php (27)
in /home/mustafa/public_html/sord-site/protected/models/LoginForm.php (52)
2011/07/12 14:20:55 [error] [exception.CDbException] exception 'CDbException' with message 'The table "{{users}}" for active record class "User" cannot be found in the database.' in /home/mustafa/public_html/yii/framework/db/ar/CActiveRecord.php:2237
Stack trace:
#0 /home/mustafa/public_html/yii/framework/db/ar/CActiveRecord.php(371): CActiveRecordMetaData->__construct(Object(User))
#1 /home/mustafa/public_html/sord-site/protected/modules/user/models/User.php(28): CActiveRecord::model('User')
#2 /home/mustafa/public_html/sord-site/protected/modules/user/components/UserIdentity.php(27): User::model()
#3 /home/mustafa/public_html/sord-site/protected/models/LoginForm.php(52): UserIdentity->authenticate()
#4 /home/mustafa/public_html/yii/framework/validators/CInlineValidator.php(39): LoginForm->authenticate('password', Array)
#5 /home/mustafa/public_html/yii/framework/validators/CValidator.php(192): CInlineValidator->validateAttribute(Object(LoginForm), 'password')
#6 /home/mustafa/public_html/yii/framework/base/CModel.php(152): CValidator->validate(Object(LoginForm), NULL)
#7 /home/mustafa/public_html/sord-site/protected/controllers/SiteController.php(88): CModel->validate()
#8 /home/mustafa/public_html/yii/framework/web/actions/CInlineAction.php(50): SiteController->actionLogin()
#9 /home/mustafa/public_html/yii/framework/web/CController.php(300): CInlineAction->runWithParams(Array)
#10 /home/mustafa/public_html/yii/framework/web/CController.php(278): CController->runAction(Object(CInlineAction))
#11 /home/mustafa/public_html/yii/framework/web/CController.php(257): CController->runActionWithFilters(Object(CInlineAction), Array)
#12 /home/mustafa/public_html/yii/framework/web/CWebApplication.php(328): CController->run('login')
#13 /home/mustafa/public_html/yii/framework/web/CWebApplication.php(121): CWebApplication->runController('site/login')
#14 /home/mustafa/public_html/yii/framework/base/CApplication.php(155): CWebApplication->processRequest()
#15 /home/mustafa/public_html/sord-site/index.php(13): CApplication->run()
#16 {main} REQUEST_URI=/~mustafa/sord-site/index.php?r=site/login
2011/07/12 14:21:05 [error] [system.db.CDbCommand] CDbCommand::fetchAll() failed: SQLSTATE[42S02]: Base table or view not found: 1146 Table 'sord.tblusers' doesn't exist. The SQL statement executed was: SHOW COLUMNS FROM `tblusers`.
in /home/mustafa/public_html/sord-site/protected/modules/user/models/User.php (28)
in /home/mustafa/public_html/sord-site/protected/modules/user/components/UserIdentity.php (27)
in /home/mustafa/public_html/sord-site/protected/models/LoginForm.php (52)
2011/07/12 14:21:05 [error] [exception.CDbException] exception 'CDbException' with message 'The table "{{users}}" for active record class "User" cannot be found in the database.' in /home/mustafa/public_html/yii/framework/db/ar/CActiveRecord.php:2237
Stack trace:
#0 /home/mustafa/public_html/yii/framework/db/ar/CActiveRecord.php(371): CActiveRecordMetaData->__construct(Object(User))
#1 /home/mustafa/public_html/sord-site/protected/modules/user/models/User.php(28): CActiveRecord::model('User')
#2 /home/mustafa/public_html/sord-site/protected/modules/user/components/UserIdentity.php(27): User::model()
#3 /home/mustafa/public_html/sord-site/protected/models/LoginForm.php(52): UserIdentity->authenticate()
#4 /home/mustafa/public_html/yii/framework/validators/CInlineValidator.php(39): LoginForm->authenticate('password', Array)
#5 /home/mustafa/public_html/yii/framework/validators/CValidator.php(192): CInlineValidator->validateAttribute(Object(LoginForm), 'password')
#6 /home/mustafa/public_html/yii/framework/base/CModel.php(152): CValidator->validate(Object(LoginForm), NULL)
#7 /home/mustafa/public_html/sord-site/protected/controllers/SiteController.php(88): CModel->validate()
#8 /home/mustafa/public_html/yii/framework/web/actions/CInlineAction.php(50): SiteController->actionLogin()
#9 /home/mustafa/public_html/yii/framework/web/CController.php(300): CInlineAction->runWithParams(Array)
#10 /home/mustafa/public_html/yii/framework/web/CController.php(278): CController->runAction(Object(CInlineAction))
#11 /home/mustafa/public_html/yii/framework/web/CController.php(257): CController->runActionWithFilters(Object(CInlineAction), Array)
#12 /home/mustafa/public_html/yii/framework/web/CWebApplication.php(328): CController->run('login')
#13 /home/mustafa/public_html/yii/framework/web/CWebApplication.php(121): CWebApplication->runController('site/login')
#14 /home/mustafa/public_html/yii/framework/base/CApplication.php(155): CWebApplication->processRequest()
#15 /home/mustafa/public_html/sord-site/index.php(13): CApplication->run()
#16 {main} REQUEST_URI=/~mustafa/sord-site/index.php?r=site/login
